C:\Users\marti\Documents\TrailPrint3D\tests\test_osm_pipeline.py:16: SyntaxWarning: invalid escape sequence '\P'
  & "C:\Program Files\Blender Foundation\Blender 5.1\blender.exe" --background --factory-startup --python-exit-code 1 -P tests/test_osm_pipeline.py
Traceback (most recent call last):
  File "C:\Users\marti\Documents\TrailPrint3D\tests\test_osm_pipeline.py", line 46, in _run
    fn()
    ~~^^
  File "C:\Users\marti\Documents\TrailPrint3D\tests\test_osm_pipeline.py", line 858, in test_build_ocean_mesh_no_chains_returns_bbox_rect
    assert len(ocean.data.polygons) == 1, \
           ^^^^^^^^^^^^^^^^^^^^^^^^^^^^^
AssertionError: Full-bbox rect should have 1 face, got 2
Blender 5.1.2 (hash ec6e62d40fa9 built 2026-05-19 01:37:34)

============================================================
  TrailPrint3D OSM pipeline tests
============================================================

  PASS  overpass request: success on first try
Status (429), retrying... 2/5
Status (429), retrying... 3/5
  PASS  overpass request: retry on 4xx then succeed
Status (500), retrying... 2/3
Status (500), retrying... 3/3
Status (500), retrying... 4/3
Overpass request failed after retries
  PASS  overpass request: exhausted retries → None
Request timed out (attempt 1/3)
  PASS  overpass request: Timeout triggers retry
Status (503), retrying... 2/3
  PASS  overpass request: log_callback fired on error
  PASS  overpass request: GET method uses requests.get
  PASS  tile fetcher: all tiles fetched
  PASS  tile fetcher: failed tile excluded from result
  PASS  tile fetcher: result carries from_cache flag
  PASS  tile fetcher: Semaphore(1) no deadlock
  PASS  tile fetcher: threads genuinely concurrent
  PASS  tile fetcher: semaphore caps peak concurrency
  PASS  kind fetcher: all kinds fetched
  PASS  kind fetcher: failed kind → empty dict
  PASS  kind fetcher: kinds genuinely concurrent
  PASS  kind fetcher: semaphore caps concurrency
  PASS  coloring_main: prefetched_tiles param exists
  PASS  split loose: two disconnected triangles → 2
  PASS  split loose: single connected mesh → 1
  PASS  split loose: three islands → 3
  PASS  split loose: end-to-end object creation
  PASS  ribbon merge: two ribbons merged → 8 verts
  PASS  ribbon merge: single ribbon fast path
[fetch_osm_combined] requesting ['STREETS', 'WATER', 'FOREST'] for bbox (48.14, 11.55, 48.16, 11.58)
Status (504), retrying... 2/2

    STREETS     : 1858 elements  (396 ways/relations)
    WATER       :  199 elements  (17 ways/relations)
    FOREST      : 1177 elements  (78 ways/relations)
  PASS  live overpass: union query accepted by server

    STREETS     : 396 ways/relations — all correctly classified
    WATER       : 17 ways/relations — all correctly classified
    FOREST      : 78 ways/relations — all correctly classified
  PASS  live overpass: classifier bins Munich elements
  PASS  coastline stitch: empty input
  PASS  coastline stitch: already-closed single way
  PASS  coastline stitch: two abutting fragments merge
  PASS  coastline stitch: reversed fragment merges
  PASS  coastline stitch: three sequential fragments → one
  PASS  coastline stitch: disjoint chains stay separate
  PASS  coastline stitch: two halves form closed ring
  PASS  coastline bbox close: returns valid polygon
  FAIL  coastline mesh: no chains → full bbox rect
  PASS  coastline mesh: open chain → polygon object
  PASS  fetch_coastline_ways: empty prefetch → []
  PASS  fetch_coastline_ways: extracts chains correctly
  PASS  fetch_coastline_ways: ignores non-coastline tags
  PASS  fetch_coastline_ways: deduplicates across tiles
[fetch_osm_combined] requesting ['COASTLINE'] for bbox (60.6419, 17.1906, 60.7008, 17.3296)
Status (504), retrying... 2/2

    coastline ways returned: 81
  PASS  live coastline: overpass returns ways

    raw ways: 81
    open chains: 3  closed loops: 49
    bbox_bl: x=[1911.508, 1926.964]  y=[8534.497, 8547.868]
    open_chain[0]: 1862 pts → polygon 1865 pts
    open_chain[1]: 227 pts → polygon 231 pts
    open_chain[2]: 14 pts → polygon 15 pts
    polygons built: 3
  PASS  live coastline: stitch + polygon end-to-end

============================================================
  40 passed, 1 failed
============================================================

